# JRE version: OpenJDK Runtime Environment (24.0.1+9) (build 24.0.1+9-30)
# Java VM: OpenJDK 64-Bit Server VM (24.0.1+9-30, mixed mode, emulated-client, sharing, tiered, compressed oops, compressed class ptrs, g1 gc, windows-amd64)
GC Precious Log:
 CardTable entry size: 512
 Card Set container configuration: InlinePtr #cards 4 size 8 Array Of Cards #cards 32 size 80 Howl #buckets 8 coarsen threshold 7372 Howl Bitmap #cards 1024 size 144 coarsen threshold 921 Card regions per heap region 1 cards per card region 8192
 CPUs: 32 total, 32 available
 Memory: 32596M
 Large Page Support: Disabled
 NUMA Support: Disabled
 Compressed Oops: Enabled (Zero based)
 Heap Region Size: 4M
 Heap Min Capacity: 8M
 Heap Initial Capacity: 512M
 Heap Max Capacity: 8152M
 Pre-touch: Disabled
 Parallel Workers: 23
 Concurrent Workers: 6
 Concurrent Refinement Workers: 23
 Periodic GC: Disabled
Heap:
 garbage-first heap   total reserved 8347648K, committed 184320K, used 125816K [0x0000000602800000, 0x0000000800000000)
  region size 4096K, 10 young (40960K), 2 survivors (8192K)
 Metaspace       used 100571K, committed 101312K, reserved 1179648K
  class space    used 11757K, committed 12096K, reserved 1048576K
GC Heap History (20 events):
Event: 40.579 GC heap before
{Heap before GC invocations=32 (full 0):
 garbage-first heap   total reserved 8347648K, committed 139264K, used 93679K [0x0000000602800000, 0x0000000800000000)
  region size 4096K, 4 young (16384K), 1 survivors (4096K)
 Metaspace       used 81264K, committed 81984K, reserved 1179648K
  class space    used 9274K, committed 9536K, reserved 1048576K
}
Event: 40.583 GC heap after
{Heap after GC invocations=33 (full 0):
 garbage-first heap   total reserved 8347648K, committed 139264K, used 87392K [0x0000000602800000, 0x0000000800000000)
  region size 4096K, 1 young (4096K), 1 survivors (4096K)
 Metaspace       used 81264K, committed 81984K, reserved 1179648K
  class space    used 9274K, committed 9536K, reserved 1048576K
}
Event: 42.962 GC heap before
{Heap before GC invocations=33 (full 0):
 garbage-first heap   total reserved 8347648K, committed 139264K, used 111968K [0x0000000602800000, 0x0000000800000000)
  region size 4096K, 7 young (28672K), 1 survivors (4096K)
 Metaspace       used 81264K, committed 81984K, reserved 1179648K
  class space    used 9274K, committed 9536K, reserved 1048576K
}
Event: 42.970 GC heap after
{Heap after GC invocations=34 (full 0):
 garbage-first heap   total reserved 8347648K, committed 139264K, used 81920K [0x0000000602800000, 0x0000000800000000)
  region size 4096K, 1 young (4096K), 1 survivors (4096K)
 Metaspace       used 81264K, committed 81984K, reserved 1179648K
  class space    used 9274K, committed 9536K, reserved 1048576K
}
Event: 45.816 GC heap before
{Heap before GC invocations=34 (full 0):
 garbage-first heap   total reserved 8347648K, committed 139264K, used 110592K [0x0000000602800000, 0x0000000800000000)
  region size 4096K, 8 young (32768K), 1 survivors (4096K)
 Metaspace       used 81264K, committed 81984K, reserved 1179648K
  class space    used 9274K, committed 9536K, reserved 1048576K
}
Event: 45.828 GC heap after
{Heap after GC invocations=35 (full 0):
 garbage-first heap   total reserved 8347648K, committed 139264K, used 87675K [0x0000000602800000, 0x0000000800000000)
  region size 4096K, 1 young (4096K), 1 survivors (4096K)
 Metaspace       used 81264K, committed 81984K, reserved 1179648K
  class space    used 9274K, committed 9536K, reserved 1048576K
}
Event: 47.062 GC heap before
{Heap before GC invocations=35 (full 0):
 garbage-first heap   total reserved 8347648K, committed 139264K, used 108155K [0x0000000602800000, 0x0000000800000000)
  region size 4096K, 7 young (28672K), 1 survivors (4096K)
 Metaspace       used 81264K, committed 81984K, reserved 1179648K
  class space    used 9274K, committed 9536K, reserved 1048576K
}
Event: 47.065 GC heap after
{Heap after GC invocations=36 (full 0):
 garbage-first heap   total reserved 8347648K, committed 139264K, used 98259K [0x0000000602800000, 0x0000000800000000)
  region size 4096K, 1 young (4096K), 1 survivors (4096K)
 Metaspace       used 81264K, committed 81984K, reserved 1179648K
  class space    used 9274K, committed 9536K, reserved 1048576K
}
Event: 47.960 GC heap before
{Heap before GC invocations=36 (full 0):
 garbage-first heap   total reserved 8347648K, committed 139264K, used 118739K [0x0000000602800000, 0x0000000800000000)
  region size 4096K, 6 young (24576K), 1 survivors (4096K)
 Metaspace       used 81264K, committed 81984K, reserved 1179648K
  class space    used 9274K, committed 9536K, reserved 1048576K
}
Event: 47.964 GC heap after
{Heap after GC invocations=37 (full 0):
 garbage-first heap   total reserved 8347648K, committed 139264K, used 107851K [0x0000000602800000, 0x0000000800000000)
  region size 4096K, 1 young (4096K), 1 survivors (4096K)
 Metaspace       used 81264K, committed 81984K, reserved 1179648K
  class space    used 9274K, committed 9536K, reserved 1048576K
}
Event: 48.702 GC heap before
{Heap before GC invocations=38 (full 0):
 garbage-first heap   total reserved 8347648K, committed 184320K, used 120139K [0x0000000602800000, 0x0000000800000000)
  region size 4096K, 4 young (16384K), 1 survivors (4096K)
 Metaspace       used 81255K, committed 81984K, reserved 1179648K
  class space    used 9271K, committed 9536K, reserved 1048576K
}
Event: 48.703 GC heap after
{Heap after GC invocations=39 (full 0):
 garbage-first heap   total reserved 8347648K, committed 184320K, used 109866K [0x0000000602800000, 0x0000000800000000)
  region size 4096K, 1 young (4096K), 1 survivors (4096K)
 Metaspace       used 81255K, committed 81984K, reserved 1179648K
  class space    used 9271K, committed 9536K, reserved 1048576K
}
Event: 50.352 GC heap before
{Heap before GC invocations=39 (full 0):
 garbage-first heap   total reserved 8347648K, committed 184320K, used 146730K [0x0000000602800000, 0x0000000800000000)
  region size 4096K, 10 young (40960K), 1 survivors (4096K)
 Metaspace       used 81257K, committed 81984K, reserved 1179648K
  class space    used 9271K, committed 9536K, reserved 1048576K
}
Event: 50.354 GC heap after
{Heap after GC invocations=40 (full 0):
 garbage-first heap   total reserved 8347648K, committed 184320K, used 95104K [0x0000000602800000, 0x0000000800000000)
  region size 4096K, 1 young (4096K), 1 survivors (4096K)
 Metaspace       used 81257K, committed 81984K, reserved 1179648K
  class space    used 9271K, committed 9536K, reserved 1048576K
}
Event: 55.656 GC heap before
{Heap before GC invocations=40 (full 0):
 garbage-first heap   total reserved 8347648K, committed 184320K, used 140160K [0x0000000602800000, 0x0000000800000000)
  region size 4096K, 13 young (53248K), 1 survivors (4096K)
 Metaspace       used 83181K, committed 83776K, reserved 1179648K
  class space    used 9566K, committed 9792K, reserved 1048576K
}
Event: 55.665 GC heap after
{Heap after GC invocations=41 (full 0):
 garbage-first heap   total reserved 8347648K, committed 184320K, used 93174K [0x0000000602800000, 0x0000000800000000)
  region size 4096K, 1 young (4096K), 1 survivors (4096K)
 Metaspace       used 83181K, committed 83776K, reserved 1179648K
  class space    used 9566K, committed 9792K, reserved 1048576K
}
Event: 61.441 GC heap before
{Heap before GC invocations=41 (full 0):
 garbage-first heap   total reserved 8347648K, committed 184320K, used 142326K [0x0000000602800000, 0x0000000800000000)
  region size 4096K, 14 young (57344K), 1 survivors (4096K)
 Metaspace       used 89570K, committed 90176K, reserved 1179648K
  class space    used 10449K, committed 10752K, reserved 1048576K
}
Event: 61.445 GC heap after
{Heap after GC invocations=42 (full 0):
 garbage-first heap   total reserved 8347648K, committed 184320K, used 95762K [0x0000000602800000, 0x0000000800000000)
  region size 4096K, 2 young (8192K), 2 survivors (8192K)
 Metaspace       used 89570K, committed 90176K, reserved 1179648K
  class space    used 10449K, committed 10752K, reserved 1048576K
}
Event: 66.718 GC heap before
{Heap before GC invocations=42 (full 0):
 garbage-first heap   total reserved 8347648K, committed 184320K, used 144914K [0x0000000602800000, 0x0000000800000000)
  region size 4096K, 15 young (61440K), 2 survivors (8192K)
 Metaspace       used 96089K, committed 96704K, reserved 1179648K
  class space    used 11188K, committed 11456K, reserved 1048576K
}
Event: 66.727 GC heap after
{Heap after GC invocations=43 (full 0):
 garbage-first heap   total reserved 8347648K, committed 184320K, used 101240K [0x0000000602800000, 0x0000000800000000)
  region size 4096K, 2 young (8192K), 2 survivors (8192K)
 Metaspace       used 96089K, committed 96704K, reserved 1179648K
  class space    used 11188K, committed 11456K, reserved 1048576K
}

